#-----------------------------------------------------------
# PlanAhead v14.7
# Build 321239 by xbuild on Fri Sep 27 19:31:35 MDT 2013
# Start of session at: Sun Nov 24 18:07:48 2019
# Process ID: 16564
# Log file: C:/Users/Jose Antonio/Desktop/ProyecSistemDigit/PF_plumilla/planAhead_run_2/planAhead.log
# Journal file: C:/Users/Jose Antonio/Desktop/ProyecSistemDigit/PF_plumilla/planAhead_run_2/planAhead.jou
#-----------------------------------------------------------
INFO: [Common 17-78] Attempting to get a license: PlanAhead
INFO: [Common 17-290] Got license for PlanAhead
INFO: [Common 17-86] Your PlanAhead license expires in -1180 day(s)
INFO: [Device 21-36] Loading parts and site information from C:/Xilinx/14.7/ISE_DS/PlanAhead/data/parts/arch.xml
Parsing RTL primitives file [C:/Xilinx/14.7/ISE_DS/PlanAhead/data/parts/xilinx/rtl/prims/rtl_prims.xml]
Finished parsing RTL primitives file [C:/Xilinx/14.7/ISE_DS/PlanAhead/data/parts/xilinx/rtl/prims/rtl_prims.xml]
start_gui
source {C:/Users/Jose Antonio/Desktop/ProyecSistemDigit/PF_plumilla/pa.fromNetlist.tcl}
# create_project -name PF_plumilla -dir "C:/Users/Jose Antonio/Desktop/ProyecSistemDigit/PF_plumilla/planAhead_run_2" -part xc6slx16csg324-3
ERROR: [Common 17-53] User Exception: Project already exists on disk, please use '-force' option to overwrite: 
     C:/Users/Jose Antonio/Desktop/ProyecSistemDigit/PF_plumilla/planAhead_run_2/PF_plumilla.ppr
     C:/Users/Jose Antonio/Desktop/ProyecSistemDigit/PF_plumilla/planAhead_run_2/PF_plumilla.data

    while executing
"create_project -name PF_plumilla -dir "C:/Users/Jose Antonio/Desktop/ProyecSistemDigit/PF_plumilla/planAhead_run_2" -part xc6slx16csg324-3"
    (file "C:/Users/Jose Antonio/Desktop/ProyecSistemDigit/PF_plumilla/pa.fromNetlist.tcl" line 4)
exit
INFO: [Common 17-206] Exiting PlanAhead at Sun Nov 24 18:08:17 2019...
INFO: [Common 17-83] Releasing license: PlanAhead
