#-----------------------------------------------------------
# PlanAhead v14.7 (64-bit)
# Build 321239 by xbuild on Fri Sep 27 19:29:51 MDT 2013
# Start of session at: Sun Dec 08 14:49:59 2019
# Process ID: 11800
# Log file: C:/Proyectos Rick/MoneyManager/planAhead_run_1/planAhead.log
# Journal file: C:/Proyectos Rick/MoneyManager/planAhead_run_1/planAhead.jou
#-----------------------------------------------------------
INFO: [Common 17-78] Attempting to get a license: PlanAhead
INFO: [Common 17-290] Got license for PlanAhead
INFO: [Common 17-86] Your PlanAhead license expires in -1194 day(s)
INFO: [Device 21-36] Loading parts and site information from C:/Xilinx/14.7/ISE_DS/PlanAhead/data/parts/arch.xml
Parsing RTL primitives file [C:/Xilinx/14.7/ISE_DS/PlanAhead/data/parts/xilinx/rtl/prims/rtl_prims.xml]
Finished parsing RTL primitives file [C:/Xilinx/14.7/ISE_DS/PlanAhead/data/parts/xilinx/rtl/prims/rtl_prims.xml]
start_gui
source {C:/Proyectos Rick/MoneyManager/pa.fromHdl.tcl}
# create_project -name MoneyManager -dir "C:/Proyectos Rick/MoneyManager/planAhead_run_1" -part xc6slx16csg324-3
# set_param project.pinAheadLayout yes
# set srcset [get_property srcset [current_run -impl]]
# set_property target_constrs_file "moneymanager.ucf" [current_fileset -constrset]
Adding file 'C:/Proyectos Rick/MoneyManager/moneymanager.ucf' to fileset 'constrs_1'
# set hdlfile [add_files [list {moneymanager.vhd}]]
# set_property file_type VHDL $hdlfile
# set_property library work $hdlfile
# set_property top moneymanager $srcset
# add_files [list {moneymanager.ucf}] -fileset [get_property constrset [current_run]]
# open_rtl_design -part xc6slx16csg324-3
Using Verific elaboration
Parsing VHDL file "C:/Xilinx/14.7/ISE_DS/PlanAhead/data/parts/xilinx/rtl/lib/synplify/synattr.vhd" into library synplify
Parsing VHDL file "C:/Xilinx/14.7/ISE_DS/PlanAhead/data/parts/xilinx/rtl/lib/synplify/synattr.vhd" into library synplify
Parsing VHDL file "C:/Proyectos Rick/MoneyManager/moneymanager.vhd" into library work
Loading clock regions from C:/Xilinx/14.7/ISE_DS/PlanAhead/data\parts/xilinx/spartan6/spartan6lx/xc6slx16/ClockRegion.xml
Loading clock buffers from C:/Xilinx/14.7/ISE_DS/PlanAhead/data\parts/xilinx/spartan6/spartan6lx/xc6slx16/ClockBuffers.xml
Loading package pin functions from C:/Xilinx/14.7/ISE_DS/PlanAhead/data\parts/xilinx/spartan6/PinFunctions.xml...
Loading package from C:/Xilinx/14.7/ISE_DS/PlanAhead/data\parts/xilinx/spartan6/spartan6lx/xc6slx16/csg324/Package.xml
Loading io standards from C:/Xilinx/14.7/ISE_DS/PlanAhead/data\./parts/xilinx/spartan6/IOStandards.xml
Loading device configuration modes from C:/Xilinx/14.7/ISE_DS/PlanAhead/data\parts/xilinx/spartan6/ConfigModes.xml
Loading list of drcs for the architecture : C:/Xilinx/14.7/ISE_DS/PlanAhead/data\./parts/xilinx/spartan6/drc.xml
Parsing UCF File [C:/Proyectos Rick/MoneyManager/moneymanager.ucf]
Finished Parsing UCF File [C:/Proyectos Rick/MoneyManager/moneymanager.ucf]
INFO: [Project 1-111] Unisim Transformation Summary:
No Unisim elements were transformed.

Phase 0 | Netlist Checksum: 38cf9303
open_rtl_design: Time (s): elapsed = 00:00:10 . Memory (MB): peak = 619.438 ; gain = 177.273
update_compile_order -fileset sim_1
set_property package_pin "" [get_ports [list  Rst]]
startgroup
set_property package_pin C4 [get_ports Add]
endgroup
startgroup
set_property package_pin B8 [get_ports Rst]
endgroup
startgroup
set_property package_pin T5 [get_ports {BCD[7]}]
endgroup
startgroup
set_property package_pin V8 [get_ports {BCD[6]}]
endgroup
startgroup
set_property package_pin U8 [get_ports {BCD[5]}]
endgroup
startgroup
set_property package_pin N8 [get_ports {BCD[4]}]
endgroup
startgroup
set_property package_pin M8 [get_ports {BCD[3]}]
endgroup
startgroup
set_property package_pin V9 [get_ports {BCD[2]}]
endgroup
startgroup
set_property package_pin T9 [get_ports {BCD[1]}]
endgroup
startgroup
set_property package_pin T10 [get_ports {BCD[0]}]
endgroup
save_constraints
exit
ERROR: [PlanAhead 12-106] *** Exception: ui.h.b: Found deleted key in HTclEventBroker. Verify if the classes listed here call cleanup()
HTclEvent: SIGNAL_MODIFY   Classes: ui.views.aR 
HTclEvent: DEBUG_CORE_CONFIG_CHANGE   Classes: ui.views.aR 
HTclEvent: SIGNAL_BUS_MODIFY   Classes: ui.views.aR 
HTclEvent: DEBUG_PORT_CONFIG_CHANGE   Classes: ui.views.aR 
 (See C:/Proyectos Rick/MoneyManager\planAhead_pid11800.debug)
ERROR: [Common 17-39] 'stop_gui' failed due to earlier errors.
INFO: [Common 17-206] Exiting PlanAhead at Sun Dec 08 14:54:27 2019...
INFO: [Common 17-83] Releasing license: PlanAhead
