--------------------------------------------------------------------------------
Release 14.7 Trace  (nt64)
Copyright (c) 1995-2013 Xilinx, Inc.  All rights reserved.

D:\Xilinx\14.7\ISE_DS\ISE\bin\nt64\unwrapped\trce.exe -intstyle ise -v 3 -s 3
-n 3 -fastpaths -xml Scanner_Last.twx Scanner_Last.ncd -o Scanner_Last.twr
Scanner_Last.pcf -ucf Scanner_Last.ucf

Design file:              Scanner_Last.ncd
Physical constraint file: Scanner_Last.pcf
Device,package,speed:     xc6slx16,csg324,C,-3 (PRODUCTION 1.23 2013-10-13)
Report level:             verbose report

Environment Variable      Effect 
--------------------      ------ 
NONE                      No environment variables were set
--------------------------------------------------------------------------------

INFO:Timing:2698 - No timing constraints found, doing default enumeration.
INFO:Timing:3412 - To improve timing, see the Timing Closure User Guide (UG612).
INFO:Timing:2752 - To get complete path coverage, use the unconstrained paths 
   option. All paths that are not constrained will be reported in the 
   unconstrained paths section(s) of the report.
INFO:Timing:3339 - The clock-to-out numbers in this timing report are based on 
   a 50 Ohm transmission line loading model.  For the details of this model, 
   and for more information on accounting for different loading conditions, 
   please see the device datasheet.



Data Sheet report:
-----------------
All values displayed in nanoseconds (ns)

Setup/Hold to clock Clk
---------------+------------+------------+------------+------------+------------------+--------+
               |Max Setup to|  Process   |Max Hold to |  Process   |                  | Clock  |
Source         | clk (edge) |   Corner   | clk (edge) |   Corner   |Internal Clock(s) | Phase  |
---------------+------------+------------+------------+------------+------------------+--------+
Clk_signal_Scan|    3.827(F)|      SLOW  |   -0.595(F)|      SLOW  |Clk_BUFGP         |   0.000|
Data_Scan      |    0.613(F)|      FAST  |    0.121(F)|      SLOW  |Clk_BUFGP         |   0.000|
Rst            |    5.514(F)|      SLOW  |   -1.804(F)|      FAST  |Clk_BUFGP         |   0.000|
---------------+------------+------------+------------+------------+------------------+--------+

Clock Clk to Pad
------------+-----------------+------------+-----------------+------------+------------------+--------+
            |Max (slowest) clk|  Process   |Min (fastest) clk|  Process   |                  | Clock  |
Destination |  (edge) to PAD  |   Corner   |  (edge) to PAD  |   Corner   |Internal Clock(s) | Phase  |
------------+-----------------+------------+-----------------+------------+------------------+--------+
Data_Out<0> |         6.872(F)|      SLOW  |         3.559(F)|      FAST  |Clk_BUFGP         |   0.000|
Data_Out<1> |         6.878(F)|      SLOW  |         3.565(F)|      FAST  |Clk_BUFGP         |   0.000|
Data_Out<2> |         6.693(F)|      SLOW  |         3.459(F)|      FAST  |Clk_BUFGP         |   0.000|
Data_Out<3> |         6.693(F)|      SLOW  |         3.459(F)|      FAST  |Clk_BUFGP         |   0.000|
Data_Out<4> |         7.040(F)|      SLOW  |         3.618(F)|      FAST  |Clk_BUFGP         |   0.000|
Data_Out<5> |         6.936(F)|      SLOW  |         3.593(F)|      FAST  |Clk_BUFGP         |   0.000|
Data_Out<6> |         6.790(F)|      SLOW  |         3.497(F)|      FAST  |Clk_BUFGP         |   0.000|
Data_Out<7> |         6.790(F)|      SLOW  |         3.497(F)|      FAST  |Clk_BUFGP         |   0.000|
------------+-----------------+------------+-----------------+------------+------------------+--------+

Clock to Setup on destination clock Clk
---------------+---------+---------+---------+---------+
               | Src:Rise| Src:Fall| Src:Rise| Src:Fall|
Source Clock   |Dest:Rise|Dest:Rise|Dest:Fall|Dest:Fall|
---------------+---------+---------+---------+---------+
Clk            |         |         |         |    3.737|
---------------+---------+---------+---------+---------+


Analysis completed Sat Dec 07 12:02:07 2019 
--------------------------------------------------------------------------------

Trace Settings:
-------------------------
Trace Settings 

Peak Memory Usage: 4574 MB



